# JRE version: Java(TM) SE Runtime Environment (24.0.2+12) (build 24.0.2+12-54)
# Java VM: Java HotSpot(TM) 64-Bit Server VM (24.0.2+12-54, mixed mode, sharing, tiered, compressed oops, compressed class ptrs, parallel gc, windows-amd64)
GC Precious Log:
 CardTable entry size: 512
 CPUs: 8 total, 8 available
 Memory: 5965M
 Large Page Support: Disabled
 NUMA Support: Disabled
 Compressed Oops: Enabled (32-bit)
 Alignments: Space 512K, Generation 512K, Heap 2M
 Heap Min Capacity: 100M
 Heap Initial Capacity: 100M
 Heap Max Capacity: 2G
 Pre-touch: Disabled
 Parallel Workers: 8
Heap:
 PSYoungGen      total 32768K, used 8595K [0x00000000d5580000, 0x00000000d8200000, 0x0000000100000000)
  eden space 31232K, 27% used [0x00000000d5580000,0x00000000d5de4c00,0x00000000d7400000)
  from space 1536K, 0% used [0x00000000d8080000,0x00000000d8080000,0x00000000d8200000)
  to   space 5120K, 0% used [0x00000000d7800000,0x00000000d7800000,0x00000000d7d00000)
 ParOldGen       total 250368K, used 121845K [0x0000000080000000, 0x000000008f480000, 0x00000000d5580000)
  object space 250368K, 48% used [0x0000000080000000,0x00000000876fd520,0x000000008f480000)
 Metaspace       used 83184K, committed 85440K, reserved 1179648K
  class space    used 7560K, committed 8448K, reserved 1048576K
GC Heap History (20 events):
Event: 3031.126 GC heap before
{Heap before GC invocations=99 (full 3):
 PSYoungGen      total 32768K, used 32449K [0x00000000d5580000, 0x00000000d7800000, 0x0000000100000000)
  eden space 31744K, 100% used [0x00000000d5580000,0x00000000d7480000,0x00000000d7480000)
  from space 1024K, 68% used [0x00000000d7480000,0x00000000d75305c0,0x00000000d7580000)
  to   space 1536K, 0% used [0x00000000d7680000,0x00000000d7680000,0x00000000d7800000)
 ParOldGen       total 230400K, used 230235K [0x0000000080000000, 0x000000008e100000, 0x00000000d5580000)
  object space 230400K, 99% used [0x0000000080000000,0x000000008e0d6ea0,0x000000008e100000)
 Metaspace       used 81931K, committed 83712K, reserved 1179648K
  class space    used 7503K, committed 8256K, reserved 1048576K
}
Event: 3031.217 GC heap after
{Heap after GC invocations=99 (full 3):
 PSYoungGen      total 33792K, used 708K [0x00000000d5580000, 0x00000000d7780000, 0x0000000100000000)
  eden space 32768K, 0% used [0x00000000d5580000,0x00000000d5580000,0x00000000d7580000)
  from space 1024K, 69% used [0x00000000d7680000,0x00000000d7731250,0x00000000d7780000)
  to   space 1024K, 0% used [0x00000000d7580000,0x00000000d7580000,0x00000000d7680000)
 ParOldGen       total 230912K, used 230581K [0x0000000080000000, 0x000000008e180000, 0x00000000d5580000)
  object space 230912K, 99% used [0x0000000080000000,0x000000008e12d430,0x000000008e180000)
 Metaspace       used 81931K, committed 83712K, reserved 1179648K
  class space    used 7503K, committed 8256K, reserved 1048576K
}
Event: 3075.606 GC heap before
{Heap before GC invocations=100 (full 3):
 PSYoungGen      total 33792K, used 33476K [0x00000000d5580000, 0x00000000d7780000, 0x0000000100000000)
  eden space 32768K, 100% used [0x00000000d5580000,0x00000000d7580000,0x00000000d7580000)
  from space 1024K, 69% used [0x00000000d7680000,0x00000000d7731250,0x00000000d7780000)
  to   space 1024K, 0% used [0x00000000d7580000,0x00000000d7580000,0x00000000d7680000)
 ParOldGen       total 230912K, used 230581K [0x0000000080000000, 0x000000008e180000, 0x00000000d5580000)
  object space 230912K, 99% used [0x0000000080000000,0x000000008e12d430,0x000000008e180000)
 Metaspace       used 82003K, committed 83776K, reserved 1179648K
  class space    used 7508K, committed 8256K, reserved 1048576K
}
Event: 3075.621 GC heap after
{Heap after GC invocations=100 (full 3):
 PSYoungGen      total 33280K, used 1012K [0x00000000d5580000, 0x00000000d7b00000, 0x0000000100000000)
  eden space 32256K, 0% used [0x00000000d5580000,0x00000000d5580000,0x00000000d7500000)
  from space 1024K, 98% used [0x00000000d7580000,0x00000000d767d260,0x00000000d7680000)
  to   space 3072K, 0% used [0x00000000d7800000,0x00000000d7800000,0x00000000d7b00000)
 ParOldGen       total 232448K, used 232120K [0x0000000080000000, 0x000000008e300000, 0x00000000d5580000)
  object space 232448K, 99% used [0x0000000080000000,0x000000008e2ae2c8,0x000000008e300000)
 Metaspace       used 82003K, committed 83776K, reserved 1179648K
  class space    used 7508K, committed 8256K, reserved 1048576K
}
Event: 3076.253 GC heap before
{Heap before GC invocations=101 (full 3):
 PSYoungGen      total 33280K, used 33268K [0x00000000d5580000, 0x00000000d7b00000, 0x0000000100000000)
  eden space 32256K, 100% used [0x00000000d5580000,0x00000000d7500000,0x00000000d7500000)
  from space 1024K, 98% used [0x00000000d7580000,0x00000000d767d260,0x00000000d7680000)
  to   space 3072K, 0% used [0x00000000d7800000,0x00000000d7800000,0x00000000d7b00000)
 ParOldGen       total 232448K, used 232120K [0x0000000080000000, 0x000000008e300000, 0x00000000d5580000)
  object space 232448K, 99% used [0x0000000080000000,0x000000008e2ae2c8,0x000000008e300000)
 Metaspace       used 82281K, committed 84032K, reserved 1179648K
  class space    used 7518K, committed 8256K, reserved 1048576K
}
Event: 3076.260 GC heap after
{Heap after GC invocations=101 (full 3):
 PSYoungGen      total 34304K, used 2182K [0x00000000d5580000, 0x00000000d7a80000, 0x0000000100000000)
  eden space 31744K, 0% used [0x00000000d5580000,0x00000000d5580000,0x00000000d7480000)
  from space 2560K, 85% used [0x00000000d7800000,0x00000000d7a21880,0x00000000d7a80000)
  to   space 2560K, 0% used [0x00000000d7580000,0x00000000d7580000,0x00000000d7800000)
 ParOldGen       total 233472K, used 233084K [0x0000000080000000, 0x000000008e400000, 0x00000000d5580000)
  object space 233472K, 99% used [0x0000000080000000,0x000000008e39f260,0x000000008e400000)
 Metaspace       used 82281K, committed 84032K, reserved 1179648K
  class space    used 7518K, committed 8256K, reserved 1048576K
}
Event: 3076.933 GC heap before
{Heap before GC invocations=102 (full 3):
 PSYoungGen      total 34304K, used 33926K [0x00000000d5580000, 0x00000000d7a80000, 0x0000000100000000)
  eden space 31744K, 100% used [0x00000000d5580000,0x00000000d7480000,0x00000000d7480000)
  from space 2560K, 85% used [0x00000000d7800000,0x00000000d7a21880,0x00000000d7a80000)
  to   space 2560K, 0% used [0x00000000d7580000,0x00000000d7580000,0x00000000d7800000)
 ParOldGen       total 233472K, used 233084K [0x0000000080000000, 0x000000008e400000, 0x00000000d5580000)
  object space 233472K, 99% used [0x0000000080000000,0x000000008e39f260,0x000000008e400000)
 Metaspace       used 83013K, committed 84800K, reserved 1179648K
  class space    used 7622K, committed 8384K, reserved 1048576K
}
Event: 3076.939 GC heap after
{Heap after GC invocations=102 (full 3):
 PSYoungGen      total 33792K, used 2478K [0x00000000d5580000, 0x00000000d7900000, 0x0000000100000000)
  eden space 31232K, 0% used [0x00000000d5580000,0x00000000d5580000,0x00000000d7400000)
  from space 2560K, 96% used [0x00000000d7580000,0x00000000d77ebb20,0x00000000d7800000)
  to   space 1024K, 0% used [0x00000000d7800000,0x00000000d7800000,0x00000000d7900000)
 ParOldGen       total 235008K, used 234960K [0x0000000080000000, 0x000000008e580000, 0x00000000d5580000)
  object space 235008K, 99% used [0x0000000080000000,0x000000008e574208,0x000000008e580000)
 Metaspace       used 83013K, committed 84800K, reserved 1179648K
  class space    used 7622K, committed 8384K, reserved 1048576K
}
Event: 3077.563 GC heap before
{Heap before GC invocations=103 (full 3):
 PSYoungGen      total 33792K, used 33710K [0x00000000d5580000, 0x00000000d7900000, 0x0000000100000000)
  eden space 31232K, 100% used [0x00000000d5580000,0x00000000d7400000,0x00000000d7400000)
  from space 2560K, 96% used [0x00000000d7580000,0x00000000d77ebb20,0x00000000d7800000)
  to   space 1024K, 0% used [0x00000000d7800000,0x00000000d7800000,0x00000000d7900000)
 ParOldGen       total 235008K, used 234960K [0x0000000080000000, 0x000000008e580000, 0x00000000d5580000)
  object space 235008K, 99% used [0x0000000080000000,0x000000008e574208,0x000000008e580000)
 Metaspace       used 83174K, committed 84992K, reserved 1179648K
  class space    used 7638K, committed 8448K, reserved 1048576K
}
Event: 3077.566 GC heap after
{Heap after GC invocations=103 (full 3):
 PSYoungGen      total 34304K, used 894K [0x00000000d5580000, 0x00000000d7900000, 0x0000000100000000)
  eden space 33280K, 0% used [0x00000000d5580000,0x00000000d5580000,0x00000000d7600000)
  from space 1024K, 87% used [0x00000000d7800000,0x00000000d78dfb10,0x00000000d7900000)
  to   space 1536K, 0% used [0x00000000d7600000,0x00000000d7600000,0x00000000d7780000)
 ParOldGen       total 237568K, used 237259K [0x0000000080000000, 0x000000008e800000, 0x00000000d5580000)
  object space 237568K, 99% used [0x0000000080000000,0x000000008e7b2c10,0x000000008e800000)
 Metaspace       used 83174K, committed 84992K, reserved 1179648K
  class space    used 7638K, committed 8448K, reserved 1048576K
}
Event: 3090.021 GC heap before
{Heap before GC invocations=104 (full 3):
 PSYoungGen      total 34304K, used 34174K [0x00000000d5580000, 0x00000000d7900000, 0x0000000100000000)
  eden space 33280K, 100% used [0x00000000d5580000,0x00000000d7600000,0x00000000d7600000)
  from space 1024K, 87% used [0x00000000d7800000,0x00000000d78dfb10,0x00000000d7900000)
  to   space 1536K, 0% used [0x00000000d7600000,0x00000000d7600000,0x00000000d7780000)
 ParOldGen       total 237568K, used 237259K [0x0000000080000000, 0x000000008e800000, 0x00000000d5580000)
  object space 237568K, 99% used [0x0000000080000000,0x000000008e7b2c10,0x000000008e800000)
 Metaspace       used 83318K, committed 85056K, reserved 1179648K
  class space    used 7640K, committed 8448K, reserved 1048576K
}
Event: 3090.025 GC heap after
{Heap after GC invocations=104 (full 3):
 PSYoungGen      total 34304K, used 1524K [0x00000000d5580000, 0x00000000d7a80000, 0x0000000100000000)
  eden space 32768K, 0% used [0x00000000d5580000,0x00000000d5580000,0x00000000d7580000)
  from space 1536K, 99% used [0x00000000d7600000,0x00000000d777d220,0x00000000d7780000)
  to   space 2560K, 0% used [0x00000000d7800000,0x00000000d7800000,0x00000000d7a80000)
 ParOldGen       total 238080K, used 237832K [0x0000000080000000, 0x000000008e880000, 0x00000000d5580000)
  object space 238080K, 99% used [0x0000000080000000,0x000000008e8420b8,0x000000008e880000)
 Metaspace       used 83318K, committed 85056K, reserved 1179648K
  class space    used 7640K, committed 8448K, reserved 1048576K
}
Event: 3112.969 GC heap before
{Heap before GC invocations=105 (full 3):
 PSYoungGen      total 34304K, used 34292K [0x00000000d5580000, 0x00000000d7a80000, 0x0000000100000000)
  eden space 32768K, 100% used [0x00000000d5580000,0x00000000d7580000,0x00000000d7580000)
  from space 1536K, 99% used [0x00000000d7600000,0x00000000d777d220,0x00000000d7780000)
  to   space 2560K, 0% used [0x00000000d7800000,0x00000000d7800000,0x00000000d7a80000)
 ParOldGen       total 238080K, used 237832K [0x0000000080000000, 0x000000008e880000, 0x00000000d5580000)
  object space 238080K, 99% used [0x0000000080000000,0x000000008e8420b8,0x000000008e880000)
 Metaspace       used 83464K, committed 85248K, reserved 1179648K
  class space    used 7640K, committed 8448K, reserved 1048576K
}
Event: 3112.989 GC heap after
{Heap after GC invocations=105 (full 3):
 PSYoungGen      total 33792K, used 1473K [0x00000000d5580000, 0x00000000d7980000, 0x0000000100000000)
  eden space 32256K, 0% used [0x00000000d5580000,0x00000000d5580000,0x00000000d7500000)
  from space 1536K, 95% used [0x00000000d7800000,0x00000000d79707b8,0x00000000d7980000)
  to   space 2048K, 0% used [0x00000000d7580000,0x00000000d7580000,0x00000000d7780000)
 ParOldGen       total 239616K, used 239313K [0x0000000080000000, 0x000000008ea00000, 0x00000000d5580000)
  object space 239616K, 99% used [0x0000000080000000,0x000000008e9b4500,0x000000008ea00000)
 Metaspace       used 83464K, committed 85248K, reserved 1179648K
  class space    used 7640K, committed 8448K, reserved 1048576K
}
Event: 3134.689 GC heap before
{Heap before GC invocations=106 (full 3):
 PSYoungGen      total 33792K, used 33729K [0x00000000d5580000, 0x00000000d7980000, 0x0000000100000000)
  eden space 32256K, 100% used [0x00000000d5580000,0x00000000d7500000,0x00000000d7500000)
  from space 1536K, 95% used [0x00000000d7800000,0x00000000d79707b8,0x00000000d7980000)
  to   space 2048K, 0% used [0x00000000d7580000,0x00000000d7580000,0x00000000d7780000)
 ParOldGen       total 239616K, used 239313K [0x0000000080000000, 0x000000008ea00000, 0x00000000d5580000)
  object space 239616K, 99% used [0x0000000080000000,0x000000008e9b4500,0x000000008ea00000)
 Metaspace       used 83530K, committed 85376K, reserved 1179648K
  class space    used 7640K, committed 8448K, reserved 1048576K
}
Event: 3134.699 GC heap after
{Heap after GC invocations=106 (full 3):
 PSYoungGen      total 33792K, used 2017K [0x00000000d5580000, 0x00000000d8c80000, 0x0000000100000000)
  eden space 31744K, 0% used [0x00000000d5580000,0x00000000d5580000,0x00000000d7480000)
  from space 2048K, 98% used [0x00000000d7580000,0x00000000d7778548,0x00000000d7780000)
  to   space 12288K, 0% used [0x00000000d8080000,0x00000000d8080000,0x00000000d8c80000)
 ParOldGen       total 248320K, used 247977K [0x0000000080000000, 0x000000008f280000, 0x00000000d5580000)
  object space 248320K, 99% used [0x0000000080000000,0x000000008f22a7a0,0x000000008f280000)
 Metaspace       used 83530K, committed 85376K, reserved 1179648K
  class space    used 7640K, committed 8448K, reserved 1048576K
}
Event: 3254.851 GC heap before
{Heap before GC invocations=107 (full 3):
 PSYoungGen      total 33792K, used 33761K [0x00000000d5580000, 0x00000000d8c80000, 0x0000000100000000)
  eden space 31744K, 100% used [0x00000000d5580000,0x00000000d7480000,0x00000000d7480000)
  from space 2048K, 98% used [0x00000000d7580000,0x00000000d7778548,0x00000000d7780000)
  to   space 12288K, 0% used [0x00000000d8080000,0x00000000d8080000,0x00000000d8c80000)
 ParOldGen       total 248320K, used 247977K [0x0000000080000000, 0x000000008f280000, 0x00000000d5580000)
  object space 248320K, 99% used [0x0000000080000000,0x000000008f22a7a0,0x000000008f280000)
 Metaspace       used 83678K, committed 85440K, reserved 1179648K
  class space    used 7647K, committed 8448K, reserved 1048576K
}
Event: 3254.919 GC heap after
{Heap after GC invocations=107 (full 3):
 PSYoungGen      total 32768K, used 1428K [0x00000000d5580000, 0x00000000d8200000, 0x0000000100000000)
  eden space 31232K, 0% used [0x00000000d5580000,0x00000000d5580000,0x00000000d7400000)
  from space 1536K, 93% used [0x00000000d8080000,0x00000000d81e5260,0x00000000d8200000)
  to   space 5120K, 0% used [0x00000000d7800000,0x00000000d7800000,0x00000000d7d00000)
 ParOldGen       total 250368K, used 250038K [0x0000000080000000, 0x000000008f480000, 0x00000000d5580000)
  object space 250368K, 99% used [0x0000000080000000,0x000000008f42da18,0x000000008f480000)
 Metaspace       used 83678K, committed 85440K, reserved 1179648K
  class space    used 7647K, committed 8448K, reserved 1048576K
}
Event: 3257.402 GC heap before
{Heap before GC invocations=108 (full 4):
 PSYoungGen      total 32768K, used 21413K [0x00000000d5580000, 0x00000000d8200000, 0x0000000100000000)
  eden space 31232K, 63% used [0x00000000d5580000,0x00000000d6904290,0x00000000d7400000)
  from space 1536K, 93% used [0x00000000d8080000,0x00000000d81e5260,0x00000000d8200000)
  to   space 5120K, 0% used [0x00000000d7800000,0x00000000d7800000,0x00000000d7d00000)
 ParOldGen       total 250368K, used 250038K [0x0000000080000000, 0x000000008f480000, 0x00000000d5580000)
  object space 250368K, 99% used [0x0000000080000000,0x000000008f42da18,0x000000008f480000)
 Metaspace       used 83749K, committed 85568K, reserved 1179648K
  class space    used 7647K, committed 8448K, reserved 1048576K
}
Event: 3260.539 GC heap after
{Heap after GC invocations=108 (full 4):
 PSYoungGen      total 32768K, used 0K [0x00000000d5580000, 0x00000000d8200000, 0x0000000100000000)
  eden space 31232K, 0% used [0x00000000d5580000,0x00000000d5580000,0x00000000d7400000)
  from space 1536K, 0% used [0x00000000d8080000,0x00000000d8080000,0x00000000d8200000)
  to   space 5120K, 0% used [0x00000000d7800000,0x00000000d7800000,0x00000000d7d00000)
 ParOldGen       total 250368K, used 121845K [0x0000000080000000, 0x000000008f480000, 0x00000000d5580000)
  object space 250368K, 48% used [0x0000000080000000,0x00000000876fd520,0x000000008f480000)
 Metaspace       used 83091K, committed 85440K, reserved 1179648K
  class space    used 7548K, committed 8448K, reserved 1048576K
}

